[debug]2022/03/04 - 14:31:31.231	ERROR	/home/zhb/go/pkg/mod/github.com/goworkeryyt/go-core@v0.0.0-20220228152021-bb4a7583767c/srun/others.go:30	accept tcp [::]:8080: use of closed network connection
[debug]2022/03/04 - 14:34:31.245	ERROR	/home/zhb/go/pkg/mod/github.com/goworkeryyt/go-core@v0.0.0-20220228152021-bb4a7583767c/srun/others.go:30	accept tcp [::]:8080: use of closed network connection
[debug]2022/03/04 - 14:37:15.199	ERROR	/home/zhb/go/pkg/mod/github.com/goworkeryyt/go-core@v0.0.0-20220228152021-bb4a7583767c/srun/others.go:30	accept tcp [::]:8080: use of closed network connection
[debug]2022/03/04 - 18:19:42.447	ERROR	/home/zhb/go/pkg/mod/github.com/goworkeryyt/go-core@v0.0.0-20220228152021-bb4a7583767c/srun/others.go:30	accept tcp [::]:8080: use of closed network connection
[debug]2022/03/07 - 11:29:36.018	ERROR	/home/zhb/go/pkg/mod/github.com/goworkeryyt/go-core@v0.0.0-20220228152021-bb4a7583767c/srun/others.go:30	accept tcp [::]:8080: use of closed network connection
[debug]2022/03/07 - 11:34:52.766	ERROR	/home/zhb/go/pkg/mod/github.com/goworkeryyt/go-core@v0.0.0-20220228152021-bb4a7583767c/srun/others.go:30	accept tcp [::]:8080: use of closed network connection
[debug]2022/03/07 - 11:48:15.641	ERROR	/home/zhb/go/pkg/mod/github.com/goworkeryyt/go-core@v0.0.0-20220228152021-bb4a7583767c/srun/others.go:30	accept tcp [::]:8080: use of closed network connection
[debug]2022/03/07 - 11:49:10.033	ERROR	/home/zhb/go/pkg/mod/github.com/goworkeryyt/go-core@v0.0.0-20220228152021-bb4a7583767c/srun/others.go:30	accept tcp [::]:8080: use of closed network connection
[debug]2022/03/07 - 11:53:59.185	ERROR	/home/zhb/go/pkg/mod/github.com/goworkeryyt/go-core@v0.0.0-20220228152021-bb4a7583767c/srun/others.go:30	accept tcp [::]:8080: use of closed network connection
[debug]2022/03/07 - 11:55:34.790	ERROR	/home/zhb/go/pkg/mod/github.com/goworkeryyt/go-core@v0.0.0-20220228152021-bb4a7583767c/srun/others.go:30	accept tcp [::]:8080: use of closed network connection
[debug]2022/03/07 - 11:56:10.471	ERROR	/home/zhb/go/pkg/mod/github.com/goworkeryyt/go-core@v0.0.0-20220228152021-bb4a7583767c/srun/others.go:30	accept tcp [::]:8080: use of closed network connection
[debug]2022/03/07 - 11:57:04.378	ERROR	/home/zhb/go/pkg/mod/github.com/goworkeryyt/go-core@v0.0.0-20220228152021-bb4a7583767c/srun/others.go:30	accept tcp [::]:8080: use of closed network connection
[debug]2022/03/07 - 11:57:50.337	ERROR	/home/zhb/go/pkg/mod/github.com/goworkeryyt/go-core@v0.0.0-20220228152021-bb4a7583767c/srun/others.go:30	accept tcp [::]:8080: use of closed network connection
[debug]2022/03/07 - 11:58:10.240	ERROR	/home/zhb/go/pkg/mod/github.com/goworkeryyt/go-core@v0.0.0-20220228152021-bb4a7583767c/srun/others.go:30	accept tcp [::]:8080: use of closed network connection
[debug]2022/03/07 - 11:59:35.445	ERROR	/home/zhb/go/pkg/mod/github.com/goworkeryyt/go-core@v0.0.0-20220228152021-bb4a7583767c/srun/others.go:30	accept tcp [::]:8080: use of closed network connection
[debug]2022/03/07 - 12:00:16.162	ERROR	/home/zhb/go/pkg/mod/github.com/goworkeryyt/go-core@v0.0.0-20220228152021-bb4a7583767c/srun/others.go:30	accept tcp [::]:8080: use of closed network connection
[debug]2022/03/07 - 12:02:42.503	ERROR	/home/zhb/go/pkg/mod/github.com/goworkeryyt/go-core@v0.0.0-20220228152021-bb4a7583767c/srun/others.go:30	accept tcp [::]:8080: use of closed network connection
[debug]2022/03/07 - 12:08:52.531	ERROR	/home/zhb/go/pkg/mod/github.com/goworkeryyt/go-core@v0.0.0-20220228152021-bb4a7583767c/srun/others.go:30	accept tcp [::]:8080: use of closed network connection
[debug]2022/03/07 - 12:09:27.306	ERROR	/home/zhb/go/pkg/mod/github.com/goworkeryyt/go-core@v0.0.0-20220228152021-bb4a7583767c/srun/others.go:30	accept tcp [::]:8080: use of closed network connection
[debug]2022/03/07 - 12:13:17.954	ERROR	/home/zhb/go/pkg/mod/github.com/goworkeryyt/go-core@v0.0.0-20220228152021-bb4a7583767c/srun/others.go:30	accept tcp [::]:8080: use of closed network connection
[debug]2022/03/07 - 12:14:23.119	ERROR	/home/zhb/go/pkg/mod/github.com/goworkeryyt/go-core@v0.0.0-20220228152021-bb4a7583767c/srun/others.go:30	accept tcp [::]:8080: use of closed network connection
[debug]2022/03/07 - 12:16:01.401	ERROR	/home/zhb/go/pkg/mod/github.com/goworkeryyt/go-core@v0.0.0-20220228152021-bb4a7583767c/srun/others.go:30	accept tcp [::]:8080: use of closed network connection
[debug]2022/03/07 - 12:28:20.487	ERROR	/home/zhb/go/pkg/mod/github.com/goworkeryyt/go-core@v0.0.0-20220228152021-bb4a7583767c/srun/others.go:30	accept tcp [::]:8080: use of closed network connection
[debug]2022/03/07 - 12:29:01.371	ERROR	/home/zhb/go/pkg/mod/github.com/goworkeryyt/go-core@v0.0.0-20220228152021-bb4a7583767c/srun/others.go:30	accept tcp [::]:8080: use of closed network connection
[debug]2022/03/07 - 12:30:44.426	ERROR	/home/zhb/go/pkg/mod/github.com/goworkeryyt/go-core@v0.0.0-20220228152021-bb4a7583767c/srun/others.go:30	accept tcp [::]:8080: use of closed network connection
[debug]2022/03/07 - 12:32:31.165	ERROR	/home/zhb/go/pkg/mod/github.com/goworkeryyt/go-core@v0.0.0-20220228152021-bb4a7583767c/srun/others.go:30	accept tcp [::]:8080: use of closed network connection
[debug]2022/03/07 - 12:32:54.878	ERROR	/home/zhb/go/pkg/mod/github.com/goworkeryyt/go-core@v0.0.0-20220228152021-bb4a7583767c/srun/others.go:30	accept tcp [::]:8080: use of closed network connection
[debug]2022/03/07 - 12:34:26.192	ERROR	/home/zhb/go/pkg/mod/github.com/goworkeryyt/go-core@v0.0.0-20220228152021-bb4a7583767c/srun/others.go:30	accept tcp [::]:8080: use of closed network connection
[debug]2022/03/07 - 13:55:09.691	ERROR	/home/zhb/go/pkg/mod/github.com/goworkeryyt/go-core@v0.0.0-20220228152021-bb4a7583767c/srun/others.go:30	accept tcp [::]:8080: use of closed network connection
[debug]2022/03/07 - 14:02:43.364	ERROR	/home/zhb/go/pkg/mod/github.com/goworkeryyt/go-core@v0.0.0-20220228152021-bb4a7583767c/srun/others.go:30	accept tcp [::]:8080: use of closed network connection
[debug]2022/03/07 - 14:03:47.007	ERROR	/home/zhb/go/pkg/mod/github.com/goworkeryyt/go-core@v0.0.0-20220228152021-bb4a7583767c/srun/others.go:30	accept tcp [::]:8080: use of closed network connection
[debug]2022/03/07 - 14:27:30.509	ERROR	/home/zhb/go/pkg/mod/github.com/goworkeryyt/go-core@v0.0.0-20220228152021-bb4a7583767c/srun/others.go:30	accept tcp [::]:8080: use of closed network connection
[debug]2022/03/07 - 14:28:42.146	ERROR	/home/zhb/go/pkg/mod/github.com/goworkeryyt/go-core@v0.0.0-20220228152021-bb4a7583767c/srun/others.go:30	accept tcp [::]:8080: use of closed network connection
[debug]2022/03/07 - 14:37:10.519	ERROR	/home/zhb/go/pkg/mod/github.com/goworkeryyt/go-core@v0.0.0-20220228152021-bb4a7583767c/srun/others.go:30	accept tcp [::]:8080: use of closed network connection
[debug]2022/03/07 - 14:38:43.552	ERROR	/home/zhb/go/pkg/mod/github.com/goworkeryyt/go-core@v0.0.0-20220228152021-bb4a7583767c/srun/others.go:30	accept tcp [::]:8080: use of closed network connection
[debug]2022/03/07 - 14:43:11.081	ERROR	/home/zhb/go/pkg/mod/github.com/goworkeryyt/go-core@v0.0.0-20220228152021-bb4a7583767c/srun/others.go:30	accept tcp [::]:8080: use of closed network connection
[debug]2022/03/07 - 14:57:21.017	ERROR	/home/zhb/go/pkg/mod/github.com/goworkeryyt/go-core@v0.0.0-20220228152021-bb4a7583767c/srun/others.go:30	accept tcp [::]:8080: use of closed network connection
[debug]2022/03/07 - 15:16:05.484	ERROR	/home/zhb/go/pkg/mod/github.com/goworkeryyt/go-core@v0.0.0-20220228152021-bb4a7583767c/srun/others.go:30	accept tcp [::]:8080: use of closed network connection
[debug]2022/03/07 - 15:18:01.072	ERROR	/home/zhb/go/pkg/mod/github.com/goworkeryyt/go-core@v0.0.0-20220228152021-bb4a7583767c/srun/others.go:30	accept tcp [::]:8080: use of closed network connection
[debug]2022/03/07 - 15:21:21.712	ERROR	/home/zhb/go/pkg/mod/github.com/goworkeryyt/go-core@v0.0.0-20220228152021-bb4a7583767c/srun/others.go:30	accept tcp [::]:8080: use of closed network connection
[debug]2022/03/07 - 18:00:33.838	ERROR	/home/zhb/go/pkg/mod/github.com/goworkeryyt/go-core@v0.0.0-20220228152021-bb4a7583767c/srun/others.go:30	accept tcp [::]:8080: use of closed network connection
[debug]2022/03/07 - 18:08:03.978	ERROR	/home/zhb/go/pkg/mod/github.com/goworkeryyt/go-core@v0.0.0-20220228152021-bb4a7583767c/srun/others.go:30	accept tcp [::]:8080: use of closed network connection
[debug]2022/03/07 - 18:17:08.577	ERROR	/home/zhb/go/pkg/mod/github.com/goworkeryyt/go-core@v0.0.0-20220228152021-bb4a7583767c/srun/others.go:30	accept tcp [::]:8080: use of closed network connection
[debug]2022/03/07 - 18:24:39.811	ERROR	/home/zhb/go/pkg/mod/github.com/goworkeryyt/go-core@v0.0.0-20220228152021-bb4a7583767c/srun/others.go:30	accept tcp [::]:8080: use of closed network connection
[debug]2022/03/07 - 18:37:47.250	ERROR	/home/zhb/go/src/granada/server/controllers/sendcode.go:27	账号有误	{"error": "Key: 'Data.Account' Error:Field validation for 'Account' failed on the 'required' tag"}
[debug]2022/03/07 - 18:38:42.799	ERROR	/home/zhb/go/src/granada/server/controllers/sendcode.go:40	发送验证码错误	{"error": "mail: no address"}
[debug]2022/03/07 - 18:40:12.605	ERROR	/home/zhb/go/src/granada/server/controllers/sendcode.go:41	发送验证码错误	{"error": "mail: no address"}
[debug]2022/03/07 - 18:40:45.790	ERROR	/home/zhb/go/src/granada/server/controllers/sendcode.go:41	发送验证码错误	{"error": "mail: no address"}
[debug]2022/03/07 - 18:44:33.008	ERROR	/home/zhb/go/src/granada/server/controllers/sendcode.go:43	发送验证码错误	{"error": "535 Login Fail. Please enter your authorization code to login. More information in http://service.mail.qq.com/cgi-bin/help?subtype=1&&id=28&&no=1001256"}
[debug]2022/03/08 - 10:51:54.546	ERROR	/home/zhb/go/pkg/mod/github.com/goworkeryyt/go-core@v0.0.0-20220228152021-bb4a7583767c/redis/redis.go:35	redis connect ping failed, err:	{"err": "dial tcp 127.0.0.1:6379: connect: connection refused"}
[debug]2022/03/08 - 10:52:34.072	ERROR	/home/zhb/go/pkg/mod/github.com/goworkeryyt/go-core@v0.0.0-20220228152021-bb4a7583767c/redis/redis.go:35	redis connect ping failed, err:	{"err": "dial tcp 127.0.0.1:6379: connect: connection refused"}
[debug]2022/03/08 - 10:53:58.213	ERROR	/home/zhb/go/pkg/mod/github.com/goworkeryyt/go-core@v0.0.0-20220228152021-bb4a7583767c/redis/redis.go:35	redis connect ping failed, err:	{"err": "dial tcp 127.0.0.1:6379: connect: connection refused"}
[debug]2022/03/08 - 11:01:19.806	ERROR	/home/zhb/go/pkg/mod/github.com/goworkeryyt/go-core@v0.0.0-20220228152021-bb4a7583767c/redis/redis.go:35	redis connect ping failed, err:	{"err": "dial tcp 127.0.0.1:6379: connect: connection refused"}
[debug]2022/03/10 - 16:27:36.825	ERROR	/home/zhb/go/src/granada/model/table/automigrate.go:12	数据表自动迁移失败	{"error": "invalid field found for struct granada/model/table.User's field Address: define a valid foreign key for relations or implement the Valuer/Scanner interface"}
[debug]2022/03/14 - 15:24:26.631	ERROR	/home/zhb/go/pkg/mod/github.com/goworkeryyt/go-core@v0.0.0-20220228152021-bb4a7583767c/captcha/captcha.go:49	RedisStoreGetError!	{"error": "redis: nil"}
[debug]2022/03/14 - 15:39:45.504	ERROR	/home/zhb/go/pkg/mod/github.com/goworkeryyt/go-core@v0.0.0-20220228152021-bb4a7583767c/captcha/captcha.go:49	RedisStoreGetError!	{"error": "redis: nil"}
[debug]2022/03/14 - 15:43:46.304	ERROR	/home/zhb/go/pkg/mod/github.com/goworkeryyt/go-core@v0.0.0-20220228152021-bb4a7583767c/captcha/captcha.go:49	RedisStoreGetError!	{"error": "redis: nil"}
[debug]2022/03/14 - 16:44:40.363	ERROR	/home/zhb/go/pkg/mod/github.com/goworkeryyt/go-core@v0.0.0-20220228152021-bb4a7583767c/captcha/captcha.go:49	RedisStoreGetError!	{"error": "redis: nil"}
[debug]2022/03/14 - 16:56:28.023	ERROR	/home/zhb/go/pkg/mod/github.com/goworkeryyt/go-core@v0.0.0-20220228152021-bb4a7583767c/captcha/captcha.go:49	RedisStoreGetError!	{"error": "redis: nil"}
[debug]2022/03/14 - 16:59:02.971	ERROR	/home/zhb/go/pkg/mod/github.com/goworkeryyt/go-core@v0.0.0-20220228152021-bb4a7583767c/captcha/captcha.go:49	RedisStoreGetError!	{"error": "redis: nil"}
[debug]2022/03/14 - 18:29:13.003	ERROR	/home/zhb/go/src/granada/model/redis/redis.go:44	RedisStoreGetError!	{"error": "redis: nil"}
[debug]2022/03/14 - 18:39:47.519	ERROR	/home/zhb/go/src/granada/model/redis/redis.go:44	RedisStoreGetError!	{"error": "redis: nil"}
